<?xml version="1.0" encoding="UTF-8"?>
<testsuite name="FizzBuzzTest" tests="3" skipped="0" failures="0" errors="0" timestamp="2019-10-27T13:28:49" hostname="Michaels-MacBook-Pro-2.local" time="0.024">
  <properties/>
  <testcase name="testBuzz" classname="FizzBuzzTest" time="0.013"/>
  <testcase name="testFizz" classname="FizzBuzzTest" time="0.004"/>
  <testcase name="testFizzBuzz" classname="FizzBuzzTest" time="0.004"/>
  <system-out><![CDATA[]]></system-out>
  <system-err><![CDATA[]]></system-err>
</testsuite>
