<?xml version="1.0" encoding="UTF-8"?>
<testsuite name="FizzBuzzTest" tests="2" skipped="0" failures="0" errors="0" timestamp="2019-10-27T13:16:13" hostname="Michaels-MacBook-Pro-2.local" time="0.007">
  <properties/>
  <testcase name="testBuzz" classname="FizzBuzzTest" time="0.004"/>
  <testcase name="testFizz" classname="FizzBuzzTest" time="0.001"/>
  <system-out><![CDATA[]]></system-out>
  <system-err><![CDATA[]]></system-err>
</testsuite>
