<?xml version="1.0" encoding="UTF-8"?>
<testsuite name="FizzBuzzTest" tests="1" skipped="0" failures="0" errors="0" timestamp="2019-10-27T13:25:52" hostname="Michaels-MacBook-Pro-2.local" time="0.005">
  <properties/>
  <testcase name="testFizzBuzz" classname="FizzBuzzTest" time="0.005"/>
  <system-out><![CDATA[]]></system-out>
  <system-err><![CDATA[]]></system-err>
</testsuite>
